<?xml version="1.0" encoding="UTF-8"?>
<!-- Generated by org.testng.reporters.JUnitReportReporter -->
<testsuite hostname="ss" failures="0" tests="2" name="Framework.SubmitOrderTest" time="103.665" errors="0" timestamp="2024-09-02T16:47:56 GST" skipped="0">
  <testcase classname="Framework.SubmitOrderTest" name="OrderHistoryTest" time="36.881"/>
  <testcase classname="Framework.SubmitOrderTest" name="submitOrder" time="66.784"/>
</testsuite> <!-- Framework.SubmitOrderTest -->
