<?xml version="1.0" encoding="UTF-8"?>
<!-- Generated by org.testng.reporters.JUnitReportReporter -->
<testsuite hostname="ss" failures="0" tests="1" name="Framework.ErrorValidations" time="4.617" errors="0" timestamp="2024-08-30T13:52:36 GST" skipped="0">
  <testcase classname="Framework.ErrorValidations" name="submitOrder" time="4.617"/>
</testsuite> <!-- Framework.ErrorValidations -->
